🔄 スマート自動同期を開始します...
最小同期間隔: 300秒（5分）
✅ 2025-07-21 12:21:35 - 変更を同期します
fatal: Unable to create '/home/ooxmichaelxoo/INTERCONNECT_project/.git/index.lock': File exists.

Another git process seems to be running in this repository, e.g.
an editor opened by 'git commit'. Please make sure all processes
are terminated then try again. If it still fails, a git process
may have crashed in this repository earlier:
remove the file manually to continue.
fatal: Unable to create '/home/ooxmichaelxoo/INTERCONNECT_project/.git/index.lock': File exists.

Another git process seems to be running in this repository, e.g.
an editor opened by 'git commit'. Please make sure all processes
are terminated then try again. If it still fails, a git process
may have crashed in this repository earlier:
remove the file manually to continue.
Everything up-to-date
🚀 同期完了！
⏳ 前回の同期から32秒しか経過していません。
   次の同期まで268秒待機します...
✅ 2025-07-21 12:26:31 - 変更を同期します
[main 43f3f5d] Auto-sync: 2025-07-21 12:26:31
 2 files changed, 5 insertions(+), 70 deletions(-)
To https://github.com/REVIRALL/interconnect.git
   a79f5fb..43f3f5d  main -> main
🚀 同期完了！
⏳ 前回の同期から30秒しか経過していません。
   次の同期まで270秒待機します...
✅ 2025-07-21 12:31:11 - 変更を同期します
[main d1ca47d] Auto-sync: 2025-07-21 12:31:11
 5 files changed, 101 insertions(+), 11 deletions(-)
To https://github.com/REVIRALL/interconnect.git
   43f3f5d..d1ca47d  main -> main
🚀 同期完了！
⏳ 前回の同期から28秒しか経過していません。
   次の同期まで272秒待機します...
✅ 2025-07-21 12:35:49 - 変更を同期します
[main 4250058] Auto-sync: 2025-07-21 12:35:49
 4 files changed, 15 insertions(+), 23 deletions(-)
To https://github.com/REVIRALL/interconnect.git
   d1ca47d..4250058  main -> main
🚀 同期完了！
⏳ 前回の同期から22秒しか経過していません。
   次の同期まで278秒待機します...
✅ 2025-07-21 12:40:32 - 変更を同期します
[main 11aa7ac] Auto-sync: 2025-07-21 12:40:32
 5 files changed, 27 insertions(+), 14 deletions(-)
To https://github.com/REVIRALL/interconnect.git
   4250058..11aa7ac  main -> main
🚀 同期完了！
⏳ 前回の同期から30秒しか経過していません。
   次の同期まで270秒待機します...
✅ 2025-07-21 12:45:10 - 変更を同期します
